<?xml version="1.0" encoding="UTF-8"?>
<!-- Generated by org.testng.reporters.JUnitXMLReporter -->
<testsuite ignored="0" hostname="DESKTOP-86CSM53" failures="2" tests="2" name="validate tittle" time="12.07" errors="0" timestamp="2021-11-20T15:36:10 GMT+01:00">
  <testcase classname="Academy.ValidateTittle" name="ValidationTittle" time="9.375">
    <failure type="java.lang.AssertionError" message="expected [FEATURES TEXTS] but found [l.ValidateTittle().getText()]">
      <![CDATA[java.lang.AssertionError: expected [FEATURES TEXTS] but found [l.ValidateTittle().getText()]
at Academy.ValidateTittle.ValidationTittle(ValidateTittle.java:35)
at java.base/java.util.ArrayList.forEach(ArrayList.java:1511)
... Removed 33 stack frames]]>
    </failure>
  </testcase> <!-- ValidationTittle -->
  <testcase classname="Academy.ValidateTittle" name="ValidationTittle" time="9.403">
    <failure type="java.lang.NullPointerException" message="Cannot invoke &amp;quot;org.openqa.selenium.TakesScreenshot.getScreenshotAs(org.openqa.selenium.OutputType)&amp;quot; because &amp;quot;ts&amp;quot; is null">
      <![CDATA[java.lang.NullPointerException: Cannot invoke "org.openqa.selenium.TakesScreenshot.getScreenshotAs(org.openqa.selenium.OutputType)" because "ts" is null
at resources.base.getScreenShotPath(base.java:68)
at Academy.Listeners.onTestFailure(Listeners.java:53)
at java.base/java.util.ArrayList.forEach(ArrayList.java:1511)
... Removed 24 stack frames]]>
    </failure>
  </testcase> <!-- ValidationTittle -->
</testsuite> <!-- validate tittle -->
